Signal Generation Results
=========================
Generated on: 2025-11-01 20251101_225233


#######################################################
# 项目名称：精简选股信号生成器
# 目标日期：2025-10-31
#######################################################
[INFO] 22:52:33 ==================================================
[INFO] 22:52:33 【信号生成开始】日期: 2025-10-31
[INFO] 22:52:33 原始股票池数量：5243
[INFO] 22:52:36 过滤风险股（停牌/数据缺失）后股票数量：0
[INFO] 22:52:36 筛选主板股票后数量：0
[INFO] 22:52:36 成交量过滤（近5日均量 > 30日均量*1.2）后股票数量：0
[INFO] 22:52:36 长下影线筛选后股票数量：0
[INFO] 22:52:36 RSI筛选（40-65）后股票数量：0
[INFO] 22:52:36 【信号生成完成】今日推荐买入股票数：0
[INFO] 22:52:36 推荐买入股票清单：[]

==================================================
最终买入信号 (2025-10-31): []
==================================================
